TN:
SF:src/modules/accounts/infra/typeorm/entities/User.ts
FN:30,User
FNF:1
FNH:1
FNDA:1,User
DA:1,1
DA:2,1
DA:3,1
DA:4,1
DA:5,1
DA:6,1
DA:7,1
DA:8,1
DA:9,1
DA:10,1
DA:11,1
DA:12,1
DA:13,1
DA:14,1
DA:15,1
DA:16,1
DA:17,1
DA:18,1
DA:19,1
DA:20,1
DA:21,1
DA:22,1
DA:23,1
DA:24,1
DA:25,1
DA:26,1
DA:27,1
DA:28,1
DA:29,1
DA:30,1
DA:31,1
DA:32,1
DA:33,1
DA:34,1
DA:35,1
DA:36,1
DA:37,1
DA:38,1
DA:39,1
DA:40,1
LF:40
LH:40
BRDA:6,0,0,1
BRDA:30,1,0,1
BRF:2
BRH:2
end_of_record
TN:
SF:src/modules/accounts/repositories/in-memory/UsersRespositoryInMemory.ts
FN:6,UsersRepositoryInMemory
FN:9,Object.<anonymous>.UsersRepositoryInMemory.create
FN:27,Object.<anonymous>.UsersRepositoryInMemory.findByEmail
FN:31,Object.<anonymous>.UsersRepositoryInMemory.findById
FNF:4
FNH:3
FNDA:3,UsersRepositoryInMemory
FNDA:1,Object.<anonymous>.UsersRepositoryInMemory.create
FNDA:4,Object.<anonymous>.UsersRepositoryInMemory.findByEmail
FNDA:0,Object.<anonymous>.UsersRepositoryInMemory.findById
DA:1,1
DA:2,1
DA:3,1
DA:4,1
DA:5,1
DA:6,3
DA:7,3
DA:8,3
DA:9,3
DA:10,1
DA:11,1
DA:12,1
DA:13,1
DA:14,1
DA:15,1
DA:16,1
DA:17,1
DA:18,1
DA:19,1
DA:20,1
DA:21,1
DA:22,1
DA:23,1
DA:24,1
DA:25,1
DA:26,3
DA:27,3
DA:28,4
DA:29,4
DA:30,3
DA:31,3
DA:32,0
DA:33,0
DA:34,3
DA:35,1
DA:36,1
LF:36
LH:34
BRDA:6,0,0,1
BRDA:6,1,0,3
BRDA:9,2,0,1
BRDA:27,3,0,4
BRDA:28,4,0,1
BRF:5
BRH:5
end_of_record
TN:
SF:src/modules/accounts/useCases/authenticateUser/AuthenticateUserUseCase.ts
FN:31,AuthenticateUserUseCase
FN:36,Object.<anonymous>.AuthenticateUserUseCase.execute
FNF:2
FNH:2
FNDA:3,AuthenticateUserUseCase
FNDA:2,Object.<anonymous>.AuthenticateUserUseCase.execute
DA:1,1
DA:2,1
DA:3,1
DA:4,1
DA:5,1
DA:6,1
DA:7,1
DA:8,1
DA:9,1
DA:10,1
DA:11,1
DA:12,1
DA:13,1
DA:14,1
DA:15,1
DA:16,1
DA:17,1
DA:18,1
DA:19,1
DA:20,1
DA:21,1
DA:22,1
DA:23,1
DA:24,1
DA:25,1
DA:26,1
DA:27,1
DA:28,1
DA:29,1
DA:30,1
DA:31,1
DA:32,3
DA:33,3
DA:34,3
DA:35,1
DA:36,1
DA:37,2
DA:38,2
DA:39,2
DA:40,2
DA:41,2
DA:42,1
DA:43,1
DA:44,1
DA:45,1
DA:46,2
DA:47,2
DA:48,2
DA:49,0
DA:50,0
DA:51,2
DA:52,2
DA:53,2
DA:54,2
DA:55,2
DA:56,2
DA:57,2
DA:58,2
DA:59,2
DA:60,2
DA:61,2
DA:62,2
DA:63,2
DA:64,2
DA:65,2
DA:66,2
DA:67,2
DA:68,2
DA:69,1
DA:70,1
DA:71,1
LF:71
LH:69
BRDA:30,0,0,1
BRDA:31,1,0,3
BRDA:36,2,0,2
BRDA:38,3,0,2
BRDA:41,4,0,1
BRDA:48,5,0,0
BRF:6
BRH:5
end_of_record
TN:
SF:src/modules/accounts/useCases/createUser/CreateUserCase.ts
FN:11,CreateUserUseCase
FN:15,Object.<anonymous>.CreateUserUseCase.execute
FNF:2
FNH:2
FNDA:3,CreateUserUseCase
FNDA:2,Object.<anonymous>.CreateUserUseCase.execute
DA:1,1
DA:2,1
DA:3,1
DA:4,1
DA:5,1
DA:6,1
DA:7,1
DA:8,1
DA:9,1
DA:10,1
DA:11,1
DA:12,3
DA:13,3
DA:14,3
DA:15,1
DA:16,2
DA:17,2
DA:18,2
DA:19,0
DA:20,0
DA:21,2
DA:22,2
DA:23,2
DA:24,2
DA:25,2
DA:26,2
DA:27,2
DA:28,2
DA:29,2
DA:30,2
DA:31,2
DA:32,1
DA:33,1
DA:34,1
DA:35,1
LF:35
LH:33
BRDA:10,0,0,1
BRDA:11,1,0,3
BRDA:15,2,0,2
BRDA:17,3,0,2
BRDA:18,4,0,0
BRF:5
BRH:4
end_of_record
TN:
SF:src/modules/cars/infra/typeorm/entities/Car.ts
FN:60,Car
FNF:1
FNH:1
FNDA:6,Car
DA:1,1
DA:2,1
DA:3,1
DA:4,1
DA:5,1
DA:6,1
DA:7,1
DA:8,1
DA:9,1
DA:10,1
DA:11,1
DA:12,1
DA:13,1
DA:14,1
DA:15,1
DA:16,1
DA:17,2
DA:18,2
DA:19,2
DA:20,2
DA:21,2
DA:22,2
DA:23,2
DA:24,2
DA:25,2
DA:26,2
DA:27,2
DA:28,2
DA:29,2
DA:30,2
DA:31,2
DA:32,2
DA:33,2
DA:34,2
DA:35,2
DA:36,2
DA:37,2
DA:38,2
DA:39,2
DA:40,2
DA:41,2
DA:42,2
DA:43,2
DA:44,2
DA:45,2
DA:46,2
DA:47,2
DA:48,2
DA:49,2
DA:50,2
DA:51,2
DA:52,2
DA:53,2
DA:54,2
DA:55,2
DA:56,2
DA:57,2
DA:58,2
DA:59,2
DA:60,2
DA:61,6
DA:62,6
DA:63,6
DA:64,6
DA:65,6
DA:66,2
DA:67,1
DA:68,1
LF:68
LH:68
BRDA:17,0,0,2
BRDA:60,1,0,6
BRF:2
BRH:2
end_of_record
TN:
SF:src/modules/cars/infra/typeorm/entities/Category.ts
FN:18,Category
FNF:1
FNH:1
FNDA:2,Category
DA:1,1
DA:2,1
DA:3,1
DA:4,1
DA:5,3
DA:6,3
DA:7,3
DA:8,3
DA:9,3
DA:10,3
DA:11,3
DA:12,3
DA:13,3
DA:14,3
DA:15,3
DA:16,3
DA:17,3
DA:18,3
DA:19,2
DA:20,2
DA:21,2
DA:22,2
DA:23,3
DA:24,1
DA:25,1
LF:25
LH:25
BRDA:5,0,0,3
BRDA:18,1,0,2
BRF:2
BRH:2
end_of_record
TN:
SF:src/modules/cars/infra/typeorm/entities/Specification.ts
FN:18,Specification
FNF:1
FNH:0
FNDA:0,Specification
DA:1,1
DA:2,1
DA:3,1
DA:4,1
DA:5,2
DA:6,2
DA:7,2
DA:8,2
DA:9,2
DA:10,2
DA:11,2
DA:12,2
DA:13,2
DA:14,2
DA:15,2
DA:16,2
DA:17,2
DA:18,2
DA:19,0
DA:20,0
DA:21,0
DA:22,0
DA:23,2
DA:24,1
DA:25,1
LF:25
LH:21
BRDA:5,0,0,2
BRF:1
BRH:1
end_of_record
TN:
SF:src/modules/cars/repositories/in-memory/CarsRepositoryInMemory.ts
FN:7,CarsRepositoryInMemory
FN:11,Object.<anonymous>.CarsRepositoryInMemory.create
FN:37,Object.<anonymous>.CarsRepositoryInMemory.findByLicensePlate
FN:41,Object.<anonymous>.CarsRepositoryInMemory.findAvailable
FNF:4
FNH:4
FNDA:7,CarsRepositoryInMemory
FNDA:6,Object.<anonymous>.CarsRepositoryInMemory.create
FNDA:2,Object.<anonymous>.CarsRepositoryInMemory.findByLicensePlate
FNDA:4,Object.<anonymous>.CarsRepositoryInMemory.findAvailable
DA:1,1
DA:2,1
DA:3,1
DA:4,1
DA:5,1
DA:6,1
DA:7,7
DA:8,7
DA:9,7
DA:10,7
DA:11,7
DA:12,6
DA:13,6
DA:14,6
DA:15,6
DA:16,6
DA:17,6
DA:18,6
DA:19,6
DA:20,6
DA:21,6
DA:22,6
DA:23,6
DA:24,6
DA:25,6
DA:26,6
DA:27,6
DA:28,6
DA:29,6
DA:30,6
DA:31,6
DA:32,6
DA:33,6
DA:34,6
DA:35,6
DA:36,7
DA:37,7
DA:38,2
DA:39,2
DA:40,7
DA:41,7
DA:42,4
DA:43,4
DA:44,4
DA:45,4
DA:46,4
DA:47,0
DA:48,0
DA:49,0
DA:50,4
DA:51,0
DA:52,0
DA:53,4
DA:54,4
DA:55,4
DA:56,4
DA:57,7
DA:58,7
DA:59,1
DA:60,1
LF:60
LH:55
BRDA:7,0,0,2
BRDA:7,1,0,7
BRDA:11,2,0,6
BRDA:37,3,0,2
BRDA:41,4,0,4
BRDA:44,5,0,4
BRDA:46,6,0,0
BRDA:51,7,0,0
BRF:8
BRH:6
end_of_record
TN:
SF:src/modules/cars/repositories/in-memory/CategoriesRepositoryInMemory.ts
FN:6,CategoriesRepositoryInMemory
FN:12,Object.<anonymous>.CategoriesRepositoryInMemory.findByName
FN:17,Object.<anonymous>.CategoriesRepositoryInMemory.list
FN:22,Object.<anonymous>.CategoriesRepositoryInMemory.create
FNF:4
FNH:3
FNDA:2,CategoriesRepositoryInMemory
FNDA:4,Object.<anonymous>.CategoriesRepositoryInMemory.findByName
FNDA:0,Object.<anonymous>.CategoriesRepositoryInMemory.list
FNDA:2,Object.<anonymous>.CategoriesRepositoryInMemory.create
DA:1,1
DA:2,1
DA:3,1
DA:4,1
DA:5,1
DA:6,2
DA:7,2
DA:8,2
DA:9,2
DA:10,2
DA:11,2
DA:12,2
DA:13,4
DA:14,4
DA:15,4
DA:16,4
DA:17,2
DA:18,0
DA:19,0
DA:20,0
DA:21,0
DA:22,2
DA:23,2
DA:24,2
DA:25,2
DA:26,2
DA:27,2
DA:28,2
DA:29,2
DA:30,2
DA:31,2
DA:32,2
DA:33,2
DA:34,2
DA:35,1
DA:36,1
LF:36
LH:32
BRDA:6,0,0,1
BRDA:6,1,0,2
BRDA:12,2,0,4
BRDA:14,3,0,2
BRDA:22,4,0,2
BRF:5
BRH:5
end_of_record
TN:
SF:src/modules/cars/useCases/createCar/CreateCarUseCase.ts
FN:21,CreateCarUseCase
FN:26,Object.<anonymous>.CreateCarUseCase.execute
FNF:2
FNH:2
FNDA:3,CreateCarUseCase
FNDA:2,Object.<anonymous>.CreateCarUseCase.execute
DA:1,1
DA:2,1
DA:3,1
DA:4,1
DA:5,1
DA:6,1
DA:7,1
DA:8,1
DA:9,1
DA:10,1
DA:11,1
DA:12,1
DA:13,1
DA:14,1
DA:15,1
DA:16,1
DA:17,1
DA:18,1
DA:19,1
DA:20,1
DA:21,1
DA:22,3
DA:23,3
DA:24,3
DA:25,1
DA:26,1
DA:27,2
DA:28,2
DA:29,2
DA:30,2
DA:31,2
DA:32,2
DA:33,2
DA:34,2
DA:35,2
DA:36,2
DA:37,2
DA:38,2
DA:39,2
DA:40,2
DA:41,2
DA:42,2
DA:43,2
DA:44,2
DA:45,2
DA:46,2
DA:47,2
DA:48,2
DA:49,2
DA:50,2
DA:51,1
DA:52,1
DA:53,1
LF:53
LH:53
BRDA:19,0,0,1
BRDA:21,1,0,3
BRDA:26,2,0,2
BRDA:36,3,0,2
BRDA:37,4,0,0
BRF:5
BRH:4
end_of_record
TN:
SF:src/modules/cars/useCases/createCategory/CreateCategoryUseCase.ts
FN:15,CreateCategoryUseCase
FN:21,Object.<anonymous>.CreateCategoryUseCase.execute
FNF:2
FNH:2
FNDA:2,CreateCategoryUseCase
FNDA:3,Object.<anonymous>.CreateCategoryUseCase.execute
DA:1,1
DA:2,1
DA:3,1
DA:4,1
DA:5,1
DA:6,1
DA:7,1
DA:8,1
DA:9,1
DA:10,1
DA:11,1
DA:12,1
DA:13,1
DA:14,1
DA:15,1
DA:16,2
DA:17,2
DA:18,2
DA:19,1
DA:20,1
DA:21,1
DA:22,3
DA:23,3
DA:24,3
DA:25,3
DA:26,3
DA:27,3
DA:28,3
DA:29,1
DA:30,1
DA:31,3
DA:32,3
DA:33,3
DA:34,3
DA:35,1
DA:36,1
DA:37,1
LF:37
LH:37
BRDA:14,0,0,1
BRDA:15,1,0,2
BRDA:21,2,0,3
BRDA:23,3,0,3
BRDA:28,4,0,1
BRF:5
BRH:5
end_of_record
TN:
SF:src/modules/cars/useCases/listCars/ListAvailableCarsUseCase.ts
FN:13,ListAvailableCarsUseCase
FN:14,Object.<anonymous>.ListAvailableCarsUseCase.execute
FNF:2
FNH:2
FNDA:4,ListAvailableCarsUseCase
FNDA:4,Object.<anonymous>.ListAvailableCarsUseCase.execute
DA:1,1
DA:2,1
DA:3,1
DA:4,1
DA:5,1
DA:6,1
DA:7,1
DA:8,1
DA:9,1
DA:10,1
DA:11,1
DA:12,1
DA:13,1
DA:14,1
DA:15,4
DA:16,4
DA:17,4
DA:18,1
DA:19,1
DA:20,1
LF:20
LH:20
BRDA:12,0,0,1
BRDA:13,1,0,4
BRDA:14,2,0,4
BRDA:15,3,0,4
BRF:4
BRH:4
end_of_record
TN:
SF:src/shared/errors/AppError.ts
FN:7,AppError
FNF:1
FNH:1
FNDA:2,AppError
DA:1,1
DA:2,3
DA:3,3
DA:4,3
DA:5,3
DA:6,3
DA:7,3
DA:8,2
DA:9,2
DA:10,2
DA:11,3
LF:11
LH:11
BRDA:2,0,0,3
BRDA:7,1,0,2
BRDA:7,2,0,1
BRF:3
BRH:3
end_of_record
